<?xml version="1.0" encoding="UTF-8"?>
<testsuite xmlns:xsi="http://www.w3.org/2001/XMLSchema-instance" xsi:noNamespaceSchemaLocation="https://maven.apache.org/surefire/maven-surefire-plugin/xsd/surefire-test-report.xsd" version="3.0.2" name="org.bot.animalsaitelegrambot.AnimalsAiTelegramBotApplicationTests" time="2.412" tests="1" errors="0" skipped="0" failures="0">
  <properties>
    <property name="java.specification.version" value="23"/>
    <property name="sun.jnu.encoding" value="UTF-8"/>
    <property name="java.class.path" value="/Users/andrejadajkin/Desktop/AnimalsAiTelegramBot/target/test-classes:/Users/andrejadajkin/Desktop/AnimalsAiTelegramBot/target/classes:/Users/andrejadajkin/.m2/repository/org/springframework/boot/spring-boot-starter-web/3.4.4/spring-boot-starter-web-3.4.4.jar:/Users/andrejadajkin/.m2/repository/org/springframework/boot/spring-boot-starter/3.4.4/spring-boot-starter-3.4.4.jar:/Users/andrejadajkin/.m2/repository/org/springframework/boot/spring-boot/3.4.4/spring-boot-3.4.4.jar:/Users/andrejadajkin/.m2/repository/org/springframework/boot/spring-boot-autoconfigure/3.4.4/spring-boot-autoconfigure-3.4.4.jar:/Users/andrejadajkin/.m2/repository/org/springframework/boot/spring-boot-starter-logging/3.4.4/spring-boot-starter-logging-3.4.4.jar:/Users/andrejadajkin/.m2/repository/ch/qos/logback/logback-classic/1.5.18/logback-classic-1.5.18.jar:/Users/andrejadajkin/.m2/repository/ch/qos/logback/logback-core/1.5.18/logback-core-1.5.18.jar:/Users/andrejadajkin/.m2/repository/org/apache/logging/log4j/log4j-to-slf4j/2.24.3/log4j-to-slf4j-2.24.3.jar:/Users/andrejadajkin/.m2/repository/org/apache/logging/log4j/log4j-api/2.24.3/log4j-api-2.24.3.jar:/Users/andrejadajkin/.m2/repository/org/slf4j/jul-to-slf4j/2.0.17/jul-to-slf4j-2.0.17.jar:/Users/andrejadajkin/.m2/repository/jakarta/annotation/jakarta.annotation-api/2.1.1/jakarta.annotation-api-2.1.1.jar:/Users/andrejadajkin/.m2/repository/org/yaml/snakeyaml/2.3/snakeyaml-2.3.jar:/Users/andrejadajkin/.m2/repository/org/springframework/boot/spring-boot-starter-json/3.4.4/spring-boot-starter-json-3.4.4.jar:/Users/andrejadajkin/.m2/repository/com/fasterxml/jackson/datatype/jackson-datatype-jdk8/2.18.3/jackson-datatype-jdk8-2.18.3.jar:/Users/andrejadajkin/.m2/repository/com/fasterxml/jackson/datatype/jackson-datatype-jsr310/2.18.3/jackson-datatype-jsr310-2.18.3.jar:/Users/andrejadajkin/.m2/repository/com/fasterxml/jackson/module/jackson-module-parameter-names/2.18.3/jackson-module-parameter-names-2.18.3.jar:/Users/andrejadajkin/.m2/repository/org/springframework/boot/spring-boot-starter-tomcat/3.4.4/spring-boot-starter-tomcat-3.4.4.jar:/Users/andrejadajkin/.m2/repository/org/apache/tomcat/embed/tomcat-embed-core/10.1.39/tomcat-embed-core-10.1.39.jar:/Users/andrejadajkin/.m2/repository/org/apache/tomcat/embed/tomcat-embed-el/10.1.39/tomcat-embed-el-10.1.39.jar:/Users/andrejadajkin/.m2/repository/org/apache/tomcat/embed/tomcat-embed-websocket/10.1.39/tomcat-embed-websocket-10.1.39.jar:/Users/andrejadajkin/.m2/repository/org/springframework/spring-web/6.2.5/spring-web-6.2.5.jar:/Users/andrejadajkin/.m2/repository/org/springframework/spring-beans/6.2.5/spring-beans-6.2.5.jar:/Users/andrejadajkin/.m2/repository/io/micrometer/micrometer-observation/1.14.5/micrometer-observation-1.14.5.jar:/Users/andrejadajkin/.m2/repository/io/micrometer/micrometer-commons/1.14.5/micrometer-commons-1.14.5.jar:/Users/andrejadajkin/.m2/repository/org/springframework/spring-webmvc/6.2.5/spring-webmvc-6.2.5.jar:/Users/andrejadajkin/.m2/repository/org/springframework/spring-aop/6.2.5/spring-aop-6.2.5.jar:/Users/andrejadajkin/.m2/repository/org/springframework/spring-context/6.2.5/spring-context-6.2.5.jar:/Users/andrejadajkin/.m2/repository/org/springframework/spring-expression/6.2.5/spring-expression-6.2.5.jar:/Users/andrejadajkin/.m2/repository/org/projectlombok/lombok/1.18.36/lombok-1.18.36.jar:/Users/andrejadajkin/.m2/repository/org/springframework/boot/spring-boot-starter-test/3.4.4/spring-boot-starter-test-3.4.4.jar:/Users/andrejadajkin/.m2/repository/org/springframework/boot/spring-boot-test/3.4.4/spring-boot-test-3.4.4.jar:/Users/andrejadajkin/.m2/repository/org/springframework/boot/spring-boot-test-autoconfigure/3.4.4/spring-boot-test-autoconfigure-3.4.4.jar:/Users/andrejadajkin/.m2/repository/com/jayway/jsonpath/json-path/2.9.0/json-path-2.9.0.jar:/Users/andrejadajkin/.m2/repository/jakarta/xml/bind/jakarta.xml.bind-api/4.0.2/jakarta.xml.bind-api-4.0.2.jar:/Users/andrejadajkin/.m2/repository/jakarta/activation/jakarta.activation-api/2.1.3/jakarta.activation-api-2.1.3.jar:/Users/andrejadajkin/.m2/repository/net/minidev/json-smart/2.5.2/json-smart-2.5.2.jar:/Users/andrejadajkin/.m2/repository/net/minidev/accessors-smart/2.5.2/accessors-smart-2.5.2.jar:/Users/andrejadajkin/.m2/repository/org/ow2/asm/asm/9.7.1/asm-9.7.1.jar:/Users/andrejadajkin/.m2/repository/org/assertj/assertj-core/3.26.3/assertj-core-3.26.3.jar:/Users/andrejadajkin/.m2/repository/net/bytebuddy/byte-buddy/1.15.11/byte-buddy-1.15.11.jar:/Users/andrejadajkin/.m2/repository/org/awaitility/awaitility/4.2.2/awaitility-4.2.2.jar:/Users/andrejadajkin/.m2/repository/org/hamcrest/hamcrest/2.2/hamcrest-2.2.jar:/Users/andrejadajkin/.m2/repository/org/junit/jupiter/junit-jupiter/5.11.4/junit-jupiter-5.11.4.jar:/Users/andrejadajkin/.m2/repository/org/junit/jupiter/junit-jupiter-api/5.11.4/junit-jupiter-api-5.11.4.jar:/Users/andrejadajkin/.m2/repository/org/opentest4j/opentest4j/1.3.0/opentest4j-1.3.0.jar:/Users/andrejadajkin/.m2/repository/org/junit/platform/junit-platform-commons/1.11.4/junit-platform-commons-1.11.4.jar:/Users/andrejadajkin/.m2/repository/org/apiguardian/apiguardian-api/1.1.2/apiguardian-api-1.1.2.jar:/Users/andrejadajkin/.m2/repository/org/junit/jupiter/junit-jupiter-params/5.11.4/junit-jupiter-params-5.11.4.jar:/Users/andrejadajkin/.m2/repository/org/junit/jupiter/junit-jupiter-engine/5.11.4/junit-jupiter-engine-5.11.4.jar:/Users/andrejadajkin/.m2/repository/org/junit/platform/junit-platform-engine/1.11.4/junit-platform-engine-1.11.4.jar:/Users/andrejadajkin/.m2/repository/org/mockito/mockito-core/5.14.2/mockito-core-5.14.2.jar:/Users/andrejadajkin/.m2/repository/net/bytebuddy/byte-buddy-agent/1.15.11/byte-buddy-agent-1.15.11.jar:/Users/andrejadajkin/.m2/repository/org/objenesis/objenesis/3.3/objenesis-3.3.jar:/Users/andrejadajkin/.m2/repository/org/mockito/mockito-junit-jupiter/5.14.2/mockito-junit-jupiter-5.14.2.jar:/Users/andrejadajkin/.m2/repository/org/skyscreamer/jsonassert/1.5.3/jsonassert-1.5.3.jar:/Users/andrejadajkin/.m2/repository/com/vaadin/external/google/android-json/0.0.20131108.vaadin1/android-json-0.0.20131108.vaadin1.jar:/Users/andrejadajkin/.m2/repository/org/springframework/spring-core/6.2.5/spring-core-6.2.5.jar:/Users/andrejadajkin/.m2/repository/org/springframework/spring-jcl/6.2.5/spring-jcl-6.2.5.jar:/Users/andrejadajkin/.m2/repository/org/springframework/spring-test/6.2.5/spring-test-6.2.5.jar:/Users/andrejadajkin/.m2/repository/org/xmlunit/xmlunit-core/2.10.0/xmlunit-core-2.10.0.jar:/Users/andrejadajkin/.m2/repository/org/telegram/telegrambots/6.8.0/telegrambots-6.8.0.jar:/Users/andrejadajkin/.m2/repository/org/telegram/telegrambots-meta/6.8.0/telegrambots-meta-6.8.0.jar:/Users/andrejadajkin/.m2/repository/com/fasterxml/jackson/core/jackson-annotations/2.18.3/jackson-annotations-2.18.3.jar:/Users/andrejadajkin/.m2/repository/com/fasterxml/jackson/jaxrs/jackson-jaxrs-json-provider/2.18.3/jackson-jaxrs-json-provider-2.18.3.jar:/Users/andrejadajkin/.m2/repository/com/fasterxml/jackson/jaxrs/jackson-jaxrs-base/2.18.3/jackson-jaxrs-base-2.18.3.jar:/Users/andrejadajkin/.m2/repository/com/fasterxml/jackson/module/jackson-module-jaxb-annotations/2.18.3/jackson-module-jaxb-annotations-2.18.3.jar:/Users/andrejadajkin/.m2/repository/com/fasterxml/jackson/core/jackson-core/2.18.3/jackson-core-2.18.3.jar:/Users/andrejadajkin/.m2/repository/javax/xml/bind/jaxb-api/2.2.12/jaxb-api-2.2.12.jar:/Users/andrejadajkin/.m2/repository/com/fasterxml/jackson/core/jackson-databind/2.18.3/jackson-databind-2.18.3.jar:/Users/andrejadajkin/.m2/repository/org/glassfish/jersey/inject/jersey-hk2/3.1.10/jersey-hk2-3.1.10.jar:/Users/andrejadajkin/.m2/repository/org/glassfish/jersey/core/jersey-common/3.1.10/jersey-common-3.1.10.jar:/Users/andrejadajkin/.m2/repository/org/glassfish/hk2/osgi-resource-locator/1.0.3/osgi-resource-locator-1.0.3.jar:/Users/andrejadajkin/.m2/repository/org/glassfish/hk2/hk2-locator/3.0.6/hk2-locator-3.0.6.jar:/Users/andrejadajkin/.m2/repository/org/glassfish/hk2/external/aopalliance-repackaged/3.0.6/aopalliance-repackaged-3.0.6.jar:/Users/andrejadajkin/.m2/repository/org/glassfish/hk2/hk2-api/3.0.6/hk2-api-3.0.6.jar:/Users/andrejadajkin/.m2/repository/org/glassfish/hk2/hk2-utils/3.0.6/hk2-utils-3.0.6.jar:/Users/andrejadajkin/.m2/repository/org/javassist/javassist/3.30.2-GA/javassist-3.30.2-GA.jar:/Users/andrejadajkin/.m2/repository/org/glassfish/jersey/media/jersey-media-json-jackson/3.1.10/jersey-media-json-jackson-3.1.10.jar:/Users/andrejadajkin/.m2/repository/org/glassfish/jersey/ext/jersey-entity-filtering/3.1.10/jersey-entity-filtering-3.1.10.jar:/Users/andrejadajkin/.m2/repository/com/fasterxml/jackson/module/jackson-module-jakarta-xmlbind-annotations/2.18.3/jackson-module-jakarta-xmlbind-annotations-2.18.3.jar:/Users/andrejadajkin/.m2/repository/org/glassfish/jersey/containers/jersey-container-grizzly2-http/3.1.10/jersey-container-grizzly2-http-3.1.10.jar:/Users/andrejadajkin/.m2/repository/jakarta/inject/jakarta.inject-api/2.0.1/jakarta.inject-api-2.0.1.jar:/Users/andrejadajkin/.m2/repository/org/glassfish/grizzly/grizzly-http-server/4.0.2/grizzly-http-server-4.0.2.jar:/Users/andrejadajkin/.m2/repository/org/glassfish/grizzly/grizzly-http/4.0.2/grizzly-http-4.0.2.jar:/Users/andrejadajkin/.m2/repository/org/glassfish/grizzly/grizzly-framework/4.0.2/grizzly-framework-4.0.2.jar:/Users/andrejadajkin/.m2/repository/jakarta/ws/rs/jakarta.ws.rs-api/3.1.0/jakarta.ws.rs-api-3.1.0.jar:/Users/andrejadajkin/.m2/repository/org/glassfish/jersey/core/jersey-server/3.1.10/jersey-server-3.1.10.jar:/Users/andrejadajkin/.m2/repository/org/glassfish/jersey/core/jersey-client/3.1.10/jersey-client-3.1.10.jar:/Users/andrejadajkin/.m2/repository/jakarta/validation/jakarta.validation-api/3.0.2/jakarta.validation-api-3.0.2.jar:/Users/andrejadajkin/.m2/repository/org/apache/httpcomponents/httpclient/4.5.13/httpclient-4.5.13.jar:/Users/andrejadajkin/.m2/repository/org/apache/httpcomponents/httpcore/4.4.16/httpcore-4.4.16.jar:/Users/andrejadajkin/.m2/repository/commons-logging/commons-logging/1.2/commons-logging-1.2.jar:/Users/andrejadajkin/.m2/repository/commons-codec/commons-codec/1.17.2/commons-codec-1.17.2.jar:/Users/andrejadajkin/.m2/repository/org/apache/httpcomponents/httpmime/4.5.13/httpmime-4.5.13.jar:/Users/andrejadajkin/.m2/repository/commons-io/commons-io/2.11.0/commons-io-2.11.0.jar:/Users/andrejadajkin/.m2/repository/org/slf4j/slf4j-api/2.0.17/slf4j-api-2.0.17.jar:/Users/andrejadajkin/.m2/repository/org/telegram/telegrambots-abilities/6.8.0/telegrambots-abilities-6.8.0.jar:/Users/andrejadajkin/.m2/repository/org/apache/commons/commons-lang3/3.17.0/commons-lang3-3.17.0.jar:/Users/andrejadajkin/.m2/repository/com/google/guava/guava/32.0.0-jre/guava-32.0.0-jre.jar:/Users/andrejadajkin/.m2/repository/com/google/guava/failureaccess/1.0.1/failureaccess-1.0.1.jar:/Users/andrejadajkin/.m2/repository/com/google/guava/listenablefuture/9999.0-empty-to-avoid-conflict-with-guava/listenablefuture-9999.0-empty-to-avoid-conflict-with-guava.jar:/Users/andrejadajkin/.m2/repository/com/google/code/findbugs/jsr305/3.0.2/jsr305-3.0.2.jar:/Users/andrejadajkin/.m2/repository/org/checkerframework/checker-qual/3.33.0/checker-qual-3.33.0.jar:/Users/andrejadajkin/.m2/repository/com/google/errorprone/error_prone_annotations/2.18.0/error_prone_annotations-2.18.0.jar:/Users/andrejadajkin/.m2/repository/com/google/j2objc/j2objc-annotations/2.8/j2objc-annotations-2.8.jar:/Users/andrejadajkin/.m2/repository/org/mapdb/mapdb/3.0.8/mapdb-3.0.8.jar:/Users/andrejadajkin/.m2/repository/org/jetbrains/kotlin/kotlin-stdlib/1.9.25/kotlin-stdlib-1.9.25.jar:/Users/andrejadajkin/.m2/repository/org/jetbrains/annotations/13.0/annotations-13.0.jar:/Users/andrejadajkin/.m2/repository/org/eclipse/collections/eclipse-collections-api/12.0.0.M3/eclipse-collections-api-12.0.0.M3.jar:/Users/andrejadajkin/.m2/repository/org/eclipse/collections/eclipse-collections/12.0.0.M3/eclipse-collections-12.0.0.M3.jar:/Users/andrejadajkin/.m2/repository/org/eclipse/collections/eclipse-collections-forkjoin/12.0.0.M3/eclipse-collections-forkjoin-12.0.0.M3.jar:/Users/andrejadajkin/.m2/repository/net/jpountz/lz4/lz4/1.3.0/lz4-1.3.0.jar:/Users/andrejadajkin/.m2/repository/org/mapdb/elsa/3.0.0-M5/elsa-3.0.0-M5.jar:"/>
    <property name="java.vm.vendor" value="Oracle Corporation"/>
    <property name="sun.arch.data.model" value="64"/>
    <property name="java.vendor.url" value="https://java.oracle.com/"/>
    <property name="user.timezone" value="Europe/Moscow"/>
    <property name="os.name" value="Mac OS X"/>
    <property name="java.vm.specification.version" value="23"/>
    <property name="APPLICATION_NAME" value="AnimalsAiTelegramBot"/>
    <property name="sun.java.launcher" value="SUN_STANDARD"/>
    <property name="user.country" value="RU"/>
    <property name="sun.boot.library.path" value="/Library/Java/JavaVirtualMachines/jdk-23.jdk/Contents/Home/lib"/>
    <property name="sun.java.command" value="/Users/andrejadajkin/Desktop/AnimalsAiTelegramBot/target/surefire/surefirebooter-20250414013109835_3.jar /Users/andrejadajkin/Desktop/AnimalsAiTelegramBot/target/surefire 2025-04-14T01-31-09_791-jvmRun1 surefire-20250414013109835_1tmp surefire_0-20250414013109835_2tmp"/>
    <property name="jdk.debug" value="release"/>
    <property name="surefire.test.class.path" value="/Users/andrejadajkin/Desktop/AnimalsAiTelegramBot/target/test-classes:/Users/andrejadajkin/Desktop/AnimalsAiTelegramBot/target/classes:/Users/andrejadajkin/.m2/repository/org/springframework/boot/spring-boot-starter-web/3.4.4/spring-boot-starter-web-3.4.4.jar:/Users/andrejadajkin/.m2/repository/org/springframework/boot/spring-boot-starter/3.4.4/spring-boot-starter-3.4.4.jar:/Users/andrejadajkin/.m2/repository/org/springframework/boot/spring-boot/3.4.4/spring-boot-3.4.4.jar:/Users/andrejadajkin/.m2/repository/org/springframework/boot/spring-boot-autoconfigure/3.4.4/spring-boot-autoconfigure-3.4.4.jar:/Users/andrejadajkin/.m2/repository/org/springframework/boot/spring-boot-starter-logging/3.4.4/spring-boot-starter-logging-3.4.4.jar:/Users/andrejadajkin/.m2/repository/ch/qos/logback/logback-classic/1.5.18/logback-classic-1.5.18.jar:/Users/andrejadajkin/.m2/repository/ch/qos/logback/logback-core/1.5.18/logback-core-1.5.18.jar:/Users/andrejadajkin/.m2/repository/org/apache/logging/log4j/log4j-to-slf4j/2.24.3/log4j-to-slf4j-2.24.3.jar:/Users/andrejadajkin/.m2/repository/org/apache/logging/log4j/log4j-api/2.24.3/log4j-api-2.24.3.jar:/Users/andrejadajkin/.m2/repository/org/slf4j/jul-to-slf4j/2.0.17/jul-to-slf4j-2.0.17.jar:/Users/andrejadajkin/.m2/repository/jakarta/annotation/jakarta.annotation-api/2.1.1/jakarta.annotation-api-2.1.1.jar:/Users/andrejadajkin/.m2/repository/org/yaml/snakeyaml/2.3/snakeyaml-2.3.jar:/Users/andrejadajkin/.m2/repository/org/springframework/boot/spring-boot-starter-json/3.4.4/spring-boot-starter-json-3.4.4.jar:/Users/andrejadajkin/.m2/repository/com/fasterxml/jackson/datatype/jackson-datatype-jdk8/2.18.3/jackson-datatype-jdk8-2.18.3.jar:/Users/andrejadajkin/.m2/repository/com/fasterxml/jackson/datatype/jackson-datatype-jsr310/2.18.3/jackson-datatype-jsr310-2.18.3.jar:/Users/andrejadajkin/.m2/repository/com/fasterxml/jackson/module/jackson-module-parameter-names/2.18.3/jackson-module-parameter-names-2.18.3.jar:/Users/andrejadajkin/.m2/repository/org/springframework/boot/spring-boot-starter-tomcat/3.4.4/spring-boot-starter-tomcat-3.4.4.jar:/Users/andrejadajkin/.m2/repository/org/apache/tomcat/embed/tomcat-embed-core/10.1.39/tomcat-embed-core-10.1.39.jar:/Users/andrejadajkin/.m2/repository/org/apache/tomcat/embed/tomcat-embed-el/10.1.39/tomcat-embed-el-10.1.39.jar:/Users/andrejadajkin/.m2/repository/org/apache/tomcat/embed/tomcat-embed-websocket/10.1.39/tomcat-embed-websocket-10.1.39.jar:/Users/andrejadajkin/.m2/repository/org/springframework/spring-web/6.2.5/spring-web-6.2.5.jar:/Users/andrejadajkin/.m2/repository/org/springframework/spring-beans/6.2.5/spring-beans-6.2.5.jar:/Users/andrejadajkin/.m2/repository/io/micrometer/micrometer-observation/1.14.5/micrometer-observation-1.14.5.jar:/Users/andrejadajkin/.m2/repository/io/micrometer/micrometer-commons/1.14.5/micrometer-commons-1.14.5.jar:/Users/andrejadajkin/.m2/repository/org/springframework/spring-webmvc/6.2.5/spring-webmvc-6.2.5.jar:/Users/andrejadajkin/.m2/repository/org/springframework/spring-aop/6.2.5/spring-aop-6.2.5.jar:/Users/andrejadajkin/.m2/repository/org/springframework/spring-context/6.2.5/spring-context-6.2.5.jar:/Users/andrejadajkin/.m2/repository/org/springframework/spring-expression/6.2.5/spring-expression-6.2.5.jar:/Users/andrejadajkin/.m2/repository/org/projectlombok/lombok/1.18.36/lombok-1.18.36.jar:/Users/andrejadajkin/.m2/repository/org/springframework/boot/spring-boot-starter-test/3.4.4/spring-boot-starter-test-3.4.4.jar:/Users/andrejadajkin/.m2/repository/org/springframework/boot/spring-boot-test/3.4.4/spring-boot-test-3.4.4.jar:/Users/andrejadajkin/.m2/repository/org/springframework/boot/spring-boot-test-autoconfigure/3.4.4/spring-boot-test-autoconfigure-3.4.4.jar:/Users/andrejadajkin/.m2/repository/com/jayway/jsonpath/json-path/2.9.0/json-path-2.9.0.jar:/Users/andrejadajkin/.m2/repository/jakarta/xml/bind/jakarta.xml.bind-api/4.0.2/jakarta.xml.bind-api-4.0.2.jar:/Users/andrejadajkin/.m2/repository/jakarta/activation/jakarta.activation-api/2.1.3/jakarta.activation-api-2.1.3.jar:/Users/andrejadajkin/.m2/repository/net/minidev/json-smart/2.5.2/json-smart-2.5.2.jar:/Users/andrejadajkin/.m2/repository/net/minidev/accessors-smart/2.5.2/accessors-smart-2.5.2.jar:/Users/andrejadajkin/.m2/repository/org/ow2/asm/asm/9.7.1/asm-9.7.1.jar:/Users/andrejadajkin/.m2/repository/org/assertj/assertj-core/3.26.3/assertj-core-3.26.3.jar:/Users/andrejadajkin/.m2/repository/net/bytebuddy/byte-buddy/1.15.11/byte-buddy-1.15.11.jar:/Users/andrejadajkin/.m2/repository/org/awaitility/awaitility/4.2.2/awaitility-4.2.2.jar:/Users/andrejadajkin/.m2/repository/org/hamcrest/hamcrest/2.2/hamcrest-2.2.jar:/Users/andrejadajkin/.m2/repository/org/junit/jupiter/junit-jupiter/5.11.4/junit-jupiter-5.11.4.jar:/Users/andrejadajkin/.m2/repository/org/junit/jupiter/junit-jupiter-api/5.11.4/junit-jupiter-api-5.11.4.jar:/Users/andrejadajkin/.m2/repository/org/opentest4j/opentest4j/1.3.0/opentest4j-1.3.0.jar:/Users/andrejadajkin/.m2/repository/org/junit/platform/junit-platform-commons/1.11.4/junit-platform-commons-1.11.4.jar:/Users/andrejadajkin/.m2/repository/org/apiguardian/apiguardian-api/1.1.2/apiguardian-api-1.1.2.jar:/Users/andrejadajkin/.m2/repository/org/junit/jupiter/junit-jupiter-params/5.11.4/junit-jupiter-params-5.11.4.jar:/Users/andrejadajkin/.m2/repository/org/junit/jupiter/junit-jupiter-engine/5.11.4/junit-jupiter-engine-5.11.4.jar:/Users/andrejadajkin/.m2/repository/org/junit/platform/junit-platform-engine/1.11.4/junit-platform-engine-1.11.4.jar:/Users/andrejadajkin/.m2/repository/org/mockito/mockito-core/5.14.2/mockito-core-5.14.2.jar:/Users/andrejadajkin/.m2/repository/net/bytebuddy/byte-buddy-agent/1.15.11/byte-buddy-agent-1.15.11.jar:/Users/andrejadajkin/.m2/repository/org/objenesis/objenesis/3.3/objenesis-3.3.jar:/Users/andrejadajkin/.m2/repository/org/mockito/mockito-junit-jupiter/5.14.2/mockito-junit-jupiter-5.14.2.jar:/Users/andrejadajkin/.m2/repository/org/skyscreamer/jsonassert/1.5.3/jsonassert-1.5.3.jar:/Users/andrejadajkin/.m2/repository/com/vaadin/external/google/android-json/0.0.20131108.vaadin1/android-json-0.0.20131108.vaadin1.jar:/Users/andrejadajkin/.m2/repository/org/springframework/spring-core/6.2.5/spring-core-6.2.5.jar:/Users/andrejadajkin/.m2/repository/org/springframework/spring-jcl/6.2.5/spring-jcl-6.2.5.jar:/Users/andrejadajkin/.m2/repository/org/springframework/spring-test/6.2.5/spring-test-6.2.5.jar:/Users/andrejadajkin/.m2/repository/org/xmlunit/xmlunit-core/2.10.0/xmlunit-core-2.10.0.jar:/Users/andrejadajkin/.m2/repository/org/telegram/telegrambots/6.8.0/telegrambots-6.8.0.jar:/Users/andrejadajkin/.m2/repository/org/telegram/telegrambots-meta/6.8.0/telegrambots-meta-6.8.0.jar:/Users/andrejadajkin/.m2/repository/com/fasterxml/jackson/core/jackson-annotations/2.18.3/jackson-annotations-2.18.3.jar:/Users/andrejadajkin/.m2/repository/com/fasterxml/jackson/jaxrs/jackson-jaxrs-json-provider/2.18.3/jackson-jaxrs-json-provider-2.18.3.jar:/Users/andrejadajkin/.m2/repository/com/fasterxml/jackson/jaxrs/jackson-jaxrs-base/2.18.3/jackson-jaxrs-base-2.18.3.jar:/Users/andrejadajkin/.m2/repository/com/fasterxml/jackson/module/jackson-module-jaxb-annotations/2.18.3/jackson-module-jaxb-annotations-2.18.3.jar:/Users/andrejadajkin/.m2/repository/com/fasterxml/jackson/core/jackson-core/2.18.3/jackson-core-2.18.3.jar:/Users/andrejadajkin/.m2/repository/javax/xml/bind/jaxb-api/2.2.12/jaxb-api-2.2.12.jar:/Users/andrejadajkin/.m2/repository/com/fasterxml/jackson/core/jackson-databind/2.18.3/jackson-databind-2.18.3.jar:/Users/andrejadajkin/.m2/repository/org/glassfish/jersey/inject/jersey-hk2/3.1.10/jersey-hk2-3.1.10.jar:/Users/andrejadajkin/.m2/repository/org/glassfish/jersey/core/jersey-common/3.1.10/jersey-common-3.1.10.jar:/Users/andrejadajkin/.m2/repository/org/glassfish/hk2/osgi-resource-locator/1.0.3/osgi-resource-locator-1.0.3.jar:/Users/andrejadajkin/.m2/repository/org/glassfish/hk2/hk2-locator/3.0.6/hk2-locator-3.0.6.jar:/Users/andrejadajkin/.m2/repository/org/glassfish/hk2/external/aopalliance-repackaged/3.0.6/aopalliance-repackaged-3.0.6.jar:/Users/andrejadajkin/.m2/repository/org/glassfish/hk2/hk2-api/3.0.6/hk2-api-3.0.6.jar:/Users/andrejadajkin/.m2/repository/org/glassfish/hk2/hk2-utils/3.0.6/hk2-utils-3.0.6.jar:/Users/andrejadajkin/.m2/repository/org/javassist/javassist/3.30.2-GA/javassist-3.30.2-GA.jar:/Users/andrejadajkin/.m2/repository/org/glassfish/jersey/media/jersey-media-json-jackson/3.1.10/jersey-media-json-jackson-3.1.10.jar:/Users/andrejadajkin/.m2/repository/org/glassfish/jersey/ext/jersey-entity-filtering/3.1.10/jersey-entity-filtering-3.1.10.jar:/Users/andrejadajkin/.m2/repository/com/fasterxml/jackson/module/jackson-module-jakarta-xmlbind-annotations/2.18.3/jackson-module-jakarta-xmlbind-annotations-2.18.3.jar:/Users/andrejadajkin/.m2/repository/org/glassfish/jersey/containers/jersey-container-grizzly2-http/3.1.10/jersey-container-grizzly2-http-3.1.10.jar:/Users/andrejadajkin/.m2/repository/jakarta/inject/jakarta.inject-api/2.0.1/jakarta.inject-api-2.0.1.jar:/Users/andrejadajkin/.m2/repository/org/glassfish/grizzly/grizzly-http-server/4.0.2/grizzly-http-server-4.0.2.jar:/Users/andrejadajkin/.m2/repository/org/glassfish/grizzly/grizzly-http/4.0.2/grizzly-http-4.0.2.jar:/Users/andrejadajkin/.m2/repository/org/glassfish/grizzly/grizzly-framework/4.0.2/grizzly-framework-4.0.2.jar:/Users/andrejadajkin/.m2/repository/jakarta/ws/rs/jakarta.ws.rs-api/3.1.0/jakarta.ws.rs-api-3.1.0.jar:/Users/andrejadajkin/.m2/repository/org/glassfish/jersey/core/jersey-server/3.1.10/jersey-server-3.1.10.jar:/Users/andrejadajkin/.m2/repository/org/glassfish/jersey/core/jersey-client/3.1.10/jersey-client-3.1.10.jar:/Users/andrejadajkin/.m2/repository/jakarta/validation/jakarta.validation-api/3.0.2/jakarta.validation-api-3.0.2.jar:/Users/andrejadajkin/.m2/repository/org/apache/httpcomponents/httpclient/4.5.13/httpclient-4.5.13.jar:/Users/andrejadajkin/.m2/repository/org/apache/httpcomponents/httpcore/4.4.16/httpcore-4.4.16.jar:/Users/andrejadajkin/.m2/repository/commons-logging/commons-logging/1.2/commons-logging-1.2.jar:/Users/andrejadajkin/.m2/repository/commons-codec/commons-codec/1.17.2/commons-codec-1.17.2.jar:/Users/andrejadajkin/.m2/repository/org/apache/httpcomponents/httpmime/4.5.13/httpmime-4.5.13.jar:/Users/andrejadajkin/.m2/repository/commons-io/commons-io/2.11.0/commons-io-2.11.0.jar:/Users/andrejadajkin/.m2/repository/org/slf4j/slf4j-api/2.0.17/slf4j-api-2.0.17.jar:/Users/andrejadajkin/.m2/repository/org/telegram/telegrambots-abilities/6.8.0/telegrambots-abilities-6.8.0.jar:/Users/andrejadajkin/.m2/repository/org/apache/commons/commons-lang3/3.17.0/commons-lang3-3.17.0.jar:/Users/andrejadajkin/.m2/repository/com/google/guava/guava/32.0.0-jre/guava-32.0.0-jre.jar:/Users/andrejadajkin/.m2/repository/com/google/guava/failureaccess/1.0.1/failureaccess-1.0.1.jar:/Users/andrejadajkin/.m2/repository/com/google/guava/listenablefuture/9999.0-empty-to-avoid-conflict-with-guava/listenablefuture-9999.0-empty-to-avoid-conflict-with-guava.jar:/Users/andrejadajkin/.m2/repository/com/google/code/findbugs/jsr305/3.0.2/jsr305-3.0.2.jar:/Users/andrejadajkin/.m2/repository/org/checkerframework/checker-qual/3.33.0/checker-qual-3.33.0.jar:/Users/andrejadajkin/.m2/repository/com/google/errorprone/error_prone_annotations/2.18.0/error_prone_annotations-2.18.0.jar:/Users/andrejadajkin/.m2/repository/com/google/j2objc/j2objc-annotations/2.8/j2objc-annotations-2.8.jar:/Users/andrejadajkin/.m2/repository/org/mapdb/mapdb/3.0.8/mapdb-3.0.8.jar:/Users/andrejadajkin/.m2/repository/org/jetbrains/kotlin/kotlin-stdlib/1.9.25/kotlin-stdlib-1.9.25.jar:/Users/andrejadajkin/.m2/repository/org/jetbrains/annotations/13.0/annotations-13.0.jar:/Users/andrejadajkin/.m2/repository/org/eclipse/collections/eclipse-collections-api/12.0.0.M3/eclipse-collections-api-12.0.0.M3.jar:/Users/andrejadajkin/.m2/repository/org/eclipse/collections/eclipse-collections/12.0.0.M3/eclipse-collections-12.0.0.M3.jar:/Users/andrejadajkin/.m2/repository/org/eclipse/collections/eclipse-collections-forkjoin/12.0.0.M3/eclipse-collections-forkjoin-12.0.0.M3.jar:/Users/andrejadajkin/.m2/repository/net/jpountz/lz4/lz4/1.3.0/lz4-1.3.0.jar:/Users/andrejadajkin/.m2/repository/org/mapdb/elsa/3.0.0-M5/elsa-3.0.0-M5.jar:"/>
    <property name="sun.cpu.endian" value="little"/>
    <property name="user.home" value="/Users/andrejadajkin"/>
    <property name="user.language" value="ru"/>
    <property name="java.specification.vendor" value="Oracle Corporation"/>
    <property name="java.version.date" value="2024-10-15"/>
    <property name="java.home" value="/Library/Java/JavaVirtualMachines/jdk-23.jdk/Contents/Home"/>
    <property name="file.separator" value="/"/>
    <property name="basedir" value="/Users/andrejadajkin/Desktop/AnimalsAiTelegramBot"/>
    <property name="java.vm.compressedOopsMode" value="Zero based"/>
    <property name="line.separator" value="&#10;"/>
    <property name="java.vm.specification.vendor" value="Oracle Corporation"/>
    <property name="java.specification.name" value="Java Platform API Specification"/>
    <property name="FILE_LOG_CHARSET" value="UTF-8"/>
    <property name="java.awt.headless" value="true"/>
    <property name="apple.awt.application.name" value="ForkedBooter"/>
    <property name="surefire.real.class.path" value="/Users/andrejadajkin/Desktop/AnimalsAiTelegramBot/target/surefire/surefirebooter-20250414013109835_3.jar"/>
    <property name="sun.management.compiler" value="HotSpot 64-Bit Tiered Compilers"/>
    <property name="java.runtime.version" value="23.0.1+11-39"/>
    <property name="user.name" value="andrejadajkin"/>
    <property name="stdout.encoding" value="UTF-8"/>
    <property name="path.separator" value=":"/>
    <property name="os.version" value="15.4"/>
    <property name="java.runtime.name" value="Java(TM) SE Runtime Environment"/>
    <property name="file.encoding" value="UTF-8"/>
    <property name="java.vm.name" value="Java HotSpot(TM) 64-Bit Server VM"/>
    <property name="localRepository" value="/Users/andrejadajkin/.m2/repository"/>
    <property name="java.vendor.url.bug" value="https://bugreport.java.com/bugreport/"/>
    <property name="java.io.tmpdir" value="/var/folders/0p/qwmbx7jn1m772jr_g51xdp100000gn/T/"/>
    <property name="idea.version" value="2024.3"/>
    <property name="java.version" value="23.0.1"/>
    <property name="user.dir" value="/Users/andrejadajkin/Desktop/AnimalsAiTelegramBot"/>
    <property name="os.arch" value="aarch64"/>
    <property name="java.vm.specification.name" value="Java Virtual Machine Specification"/>
    <property name="PID" value="7335"/>
    <property name="CONSOLE_LOG_CHARSET" value="UTF-8"/>
    <property name="native.encoding" value="UTF-8"/>
    <property name="java.library.path" value="/Users/andrejadajkin/Library/Java/Extensions:/Library/Java/Extensions:/Network/Library/Java/Extensions:/System/Library/Java/Extensions:/usr/lib/java:."/>
    <property name="java.vm.info" value="mixed mode, sharing"/>
    <property name="stderr.encoding" value="UTF-8"/>
    <property name="java.vendor" value="Oracle Corporation"/>
    <property name="java.vm.version" value="23.0.1+11-39"/>
    <property name="sun.io.unicode.encoding" value="UnicodeBig"/>
    <property name="java.class.version" value="67.0"/>
    <property name="LOGGED_APPLICATION_NAME" value="[AnimalsAiTelegramBot] "/>
  </properties>
  <testcase name="contextLoads" classname="org.bot.animalsaitelegrambot.AnimalsAiTelegramBotApplicationTests" time="0.408">
    <system-out><![CDATA[01:31:10.234 [main] INFO org.springframework.test.context.support.AnnotationConfigContextLoaderUtils -- Could not detect default configuration classes for test class [org.bot.animalsaitelegrambot.AnimalsAiTelegramBotApplicationTests]: AnimalsAiTelegramBotApplicationTests does not declare any static, non-private, non-final, nested classes annotated with @Configuration.
01:31:10.302 [main] INFO org.springframework.boot.test.context.SpringBootTestContextBootstrapper -- Found @SpringBootConfiguration org.bot.animalsaitelegrambot.AnimalsAiTelegramBotApplication for test class org.bot.animalsaitelegrambot.AnimalsAiTelegramBotApplicationTests

  .   ____          _            __ _ _
 /\\ / ___'_ __ _ _(_)_ __  __ _ \ \ \ \
( ( )\___ | '_ | '_| | '_ \/ _` | \ \ \ \
 \\/  ___)| |_)| | | | | || (_| |  ) ) ) )
  '  |____| .__|_| |_|_| |_\__, | / / / /
 =========|_|==============|___/=/_/_/_/

 :: Spring Boot ::                (v3.4.4)

2025-04-14T01:31:10.512+03:00  INFO 7335 --- [AnimalsAiTelegramBot] [           main] b.a.AnimalsAiTelegramBotApplicationTests : Starting AnimalsAiTelegramBotApplicationTests using Java 23.0.1 with PID 7335 (started by andrejadajkin in /Users/andrejadajkin/Desktop/AnimalsAiTelegramBot)
2025-04-14T01:31:10.513+03:00  INFO 7335 --- [AnimalsAiTelegramBot] [           main] b.a.AnimalsAiTelegramBotApplicationTests : No active profile set, falling back to 1 default profile: "default"
2025-04-14T01:31:11.083+03:00  INFO 7335 --- [AnimalsAiTelegramBot] [           main] o.s.v.b.OptionalValidatorFactoryBean     : Failed to set up a Bean Validation provider: jakarta.validation.NoProviderFoundException: Unable to create a Configuration, because no Jakarta Bean Validation provider could be found. Add a provider like Hibernate Validator (RI) to your classpath.
2025-04-14T01:31:11.201+03:00  INFO 7335 --- [AnimalsAiTelegramBot] [           main] b.a.AnimalsAiTelegramBotApplicationTests : Started AnimalsAiTelegramBotApplicationTests in 0.822 seconds (process running for 1.315)
Бот успешно запущен!
]]></system-out>
    <system-err><![CDATA[Mockito is currently self-attaching to enable the inline-mock-maker. This will no longer work in future releases of the JDK. Please add Mockito as an agent to your build what is described in Mockito's documentation: https://javadoc.io/doc/org.mockito/mockito-core/latest/org/mockito/Mockito.html#0.3
WARNING: A Java agent has been loaded dynamically (/Users/andrejadajkin/.m2/repository/net/bytebuddy/byte-buddy-agent/1.15.11/byte-buddy-agent-1.15.11.jar)
WARNING: If a serviceability tool is in use, please run with -XX:+EnableDynamicAgentLoading to hide this warning
WARNING: If a serviceability tool is not in use, please run with -Djdk.instrument.traceUsage for more information
WARNING: Dynamic loading of agents will be disallowed by default in a future release
]]></system-err>
  </testcase>
</testsuite>